<?xml version="1.0" encoding="UTF-8"?>
<testng-results ignored="0" total="36" passed="36" failed="0" skipped="0">
  <reporter-output>
  </reporter-output>
  <suite started-at="2023-01-23T11:54:57 CST" name="Suite" finished-at="2023-01-23T11:55:09 CST" duration-ms="11809">
    <groups>
      <group name="cucumber">
        <method signature="AbstractTestNGCucumberTests.runScenario(io.cucumber.testng.PickleWrapper,io.cucumber.testng.FeatureWrapper)[pri:0, instance:testrunner.Testrunhtml@5b247367]" name="runScenario" class="io.cucumber.testng.AbstractTestNGCucumberTests"/>
      </group> <!-- cucumber -->
    </groups>
    <test started-at="2023-01-23T11:54:57 CST" name="Test" finished-at="2023-01-23T11:55:09 CST" duration-ms="11809">
      <class name="testrunner.Testrunhtml">
        <test-method is-config="true" signature="setUpClass(org.testng.ITestContext)[pri:0, instance:testrunner.Testrunhtml@5b247367]" started-at="2023-01-23T11:54:57 CST" name="setUpClass" finished-at="2023-01-23T11:54:59 CST" duration-ms="1423" status="PASS">
          <params>
            <param index="0">
              <value>
                <![CDATA[org.testng.TestRunner@507049f2]]>
              </value>
            </param>
          </params>
          <reporter-output>
          </reporter-output>
        </test-method> <!-- setUpClass -->
        <test-method signature="runScenario(io.cucumber.testng.PickleWrapper,io.cucumber.testng.FeatureWrapper)[pri:0, instance:testrunner.Testrunhtml@5b247367]" started-at="2023-01-23T11:54:59 CST" name="runScenario" description="Runs Cucumber Scenarios" data-provider="scenarios" finished-at="2023-01-23T11:54:59 CST" duration-ms="561" status="PASS">
          <params>
            <param index="0">
              <value>
                <![CDATA["User able to create Program"]]>
              </value>
            </param>
            <param index="1">
              <value>
                <![CDATA["Validate Post Request to Create Program"]]>
              </value>
            </param>
          </params>
          <reporter-output>
          </reporter-output>
        </test-method> <!-- runScenario -->
        <test-method signature="runScenario(io.cucumber.testng.PickleWrapper,io.cucumber.testng.FeatureWrapper)[pri:0, instance:testrunner.Testrunhtml@5b247367]" started-at="2023-01-23T11:54:59 CST" name="runScenario" description="Runs Cucumber Scenarios" data-provider="scenarios" finished-at="2023-01-23T11:54:59 CST" duration-ms="83" status="PASS">
          <params>
            <param index="0">
              <value>
                <![CDATA["User able to delete the Batch by ID with valid request."]]>
              </value>
            </param>
            <param index="1">
              <value>
                <![CDATA["To test the batch using DELETE"]]>
              </value>
            </param>
          </params>
          <reporter-output>
          </reporter-output>
        </test-method> <!-- runScenario -->
        <test-method signature="runScenario(io.cucumber.testng.PickleWrapper,io.cucumber.testng.FeatureWrapper)[pri:0, instance:testrunner.Testrunhtml@5b247367]" started-at="2023-01-23T11:54:59 CST" name="runScenario" description="Runs Cucumber Scenarios" data-provider="scenarios" finished-at="2023-01-23T11:54:59 CST" duration-ms="66" status="PASS">
          <params>
            <param index="0">
              <value>
                <![CDATA["User able to delete a Batch by ID with invalid endpoint."]]>
              </value>
            </param>
            <param index="1">
              <value>
                <![CDATA["To test the batch using DELETE"]]>
              </value>
            </param>
          </params>
          <reporter-output>
          </reporter-output>
        </test-method> <!-- runScenario -->
        <test-method signature="runScenario(io.cucumber.testng.PickleWrapper,io.cucumber.testng.FeatureWrapper)[pri:0, instance:testrunner.Testrunhtml@5b247367]" started-at="2023-01-23T11:54:59 CST" name="runScenario" description="Runs Cucumber Scenarios" data-provider="scenarios" finished-at="2023-01-23T11:55:00 CST" duration-ms="44" status="PASS">
          <params>
            <param index="0">
              <value>
                <![CDATA["User ableto delete a Batch by ID with invalid batchID."]]>
              </value>
            </param>
            <param index="1">
              <value>
                <![CDATA["To test the batch using DELETE"]]>
              </value>
            </param>
          </params>
          <reporter-output>
          </reporter-output>
        </test-method> <!-- runScenario -->
        <test-method signature="runScenario(io.cucumber.testng.PickleWrapper,io.cucumber.testng.FeatureWrapper)[pri:0, instance:testrunner.Testrunhtml@5b247367]" started-at="2023-01-23T11:55:00 CST" name="runScenario" description="Runs Cucumber Scenarios" data-provider="scenarios" finished-at="2023-01-23T11:55:00 CST" duration-ms="53" status="PASS">
          <params>
            <param index="0">
              <value>
                <![CDATA["User able to delete a Batch by ID with invalid base URL."]]>
              </value>
            </param>
            <param index="1">
              <value>
                <![CDATA["To test the batch using DELETE"]]>
              </value>
            </param>
          </params>
          <reporter-output>
          </reporter-output>
        </test-method> <!-- runScenario -->
        <test-method signature="runScenario(io.cucumber.testng.PickleWrapper,io.cucumber.testng.FeatureWrapper)[pri:0, instance:testrunner.Testrunhtml@5b247367]" started-at="2023-01-23T11:55:00 CST" name="runScenario" description="Runs Cucumber Scenarios" data-provider="scenarios" finished-at="2023-01-23T11:55:00 CST" duration-ms="35" status="PASS">
          <params>
            <param index="0">
              <value>
                <![CDATA["User able to delete a Batch by ID with invalid request."]]>
              </value>
            </param>
            <param index="1">
              <value>
                <![CDATA["To test the batch using DELETE"]]>
              </value>
            </param>
          </params>
          <reporter-output>
          </reporter-output>
        </test-method> <!-- runScenario -->
        <test-method signature="runScenario(io.cucumber.testng.PickleWrapper,io.cucumber.testng.FeatureWrapper)[pri:0, instance:testrunner.Testrunhtml@5b247367]" started-at="2023-01-23T11:55:00 CST" name="runScenario" description="Runs Cucumber Scenarios" data-provider="scenarios" finished-at="2023-01-23T11:55:00 CST" duration-ms="52" status="PASS">
          <params>
            <param index="0">
              <value>
                <![CDATA["To test the program using DELETE"]]>
              </value>
            </param>
            <param index="1">
              <value>
                <![CDATA["To test the program using DELETE"]]>
              </value>
            </param>
          </params>
          <reporter-output>
          </reporter-output>
        </test-method> <!-- runScenario -->
        <test-method signature="runScenario(io.cucumber.testng.PickleWrapper,io.cucumber.testng.FeatureWrapper)[pri:0, instance:testrunner.Testrunhtml@5b247367]" started-at="2023-01-23T11:55:00 CST" name="runScenario" description="Runs Cucumber Scenarios" data-provider="scenarios" finished-at="2023-01-23T11:55:00 CST" duration-ms="25" status="PASS">
          <params>
            <param index="0">
              <value>
                <![CDATA["User able to delete a Program by name with invalid Method."]]>
              </value>
            </param>
            <param index="1">
              <value>
                <![CDATA["To test the program using DELETE"]]>
              </value>
            </param>
          </params>
          <reporter-output>
          </reporter-output>
        </test-method> <!-- runScenario -->
        <test-method signature="runScenario(io.cucumber.testng.PickleWrapper,io.cucumber.testng.FeatureWrapper)[pri:0, instance:testrunner.Testrunhtml@5b247367]" started-at="2023-01-23T11:55:00 CST" name="runScenario" description="Runs Cucumber Scenarios" data-provider="scenarios" finished-at="2023-01-23T11:55:00 CST" duration-ms="34" status="PASS">
          <params>
            <param index="0">
              <value>
                <![CDATA["User ableto delete a Program Name with invalid endpoint."]]>
              </value>
            </param>
            <param index="1">
              <value>
                <![CDATA["To test the program using DELETE"]]>
              </value>
            </param>
          </params>
          <reporter-output>
          </reporter-output>
        </test-method> <!-- runScenario -->
        <test-method signature="runScenario(io.cucumber.testng.PickleWrapper,io.cucumber.testng.FeatureWrapper)[pri:0, instance:testrunner.Testrunhtml@5b247367]" started-at="2023-01-23T11:55:00 CST" name="runScenario" description="Runs Cucumber Scenarios" data-provider="scenarios" finished-at="2023-01-23T11:55:00 CST" duration-ms="31" status="PASS">
          <params>
            <param index="0">
              <value>
                <![CDATA["User able to delete a Program Namewith invalid base URL."]]>
              </value>
            </param>
            <param index="1">
              <value>
                <![CDATA["To test the program using DELETE"]]>
              </value>
            </param>
          </params>
          <reporter-output>
          </reporter-output>
        </test-method> <!-- runScenario -->
        <test-method signature="runScenario(io.cucumber.testng.PickleWrapper,io.cucumber.testng.FeatureWrapper)[pri:0, instance:testrunner.Testrunhtml@5b247367]" started-at="2023-01-23T11:55:00 CST" name="runScenario" description="Runs Cucumber Scenarios" data-provider="scenarios" finished-at="2023-01-23T11:55:00 CST" duration-ms="35" status="PASS">
          <params>
            <param index="0">
              <value>
                <![CDATA["Validate if user is able to delete with invalid Program Name"]]>
              </value>
            </param>
            <param index="1">
              <value>
                <![CDATA["To test the program using DELETE"]]>
              </value>
            </param>
          </params>
          <reporter-output>
          </reporter-output>
        </test-method> <!-- runScenario -->
        <test-method signature="runScenario(io.cucumber.testng.PickleWrapper,io.cucumber.testng.FeatureWrapper)[pri:0, instance:testrunner.Testrunhtml@5b247367]" started-at="2023-01-23T11:55:00 CST" name="runScenario" description="Runs Cucumber Scenarios" data-provider="scenarios" finished-at="2023-01-23T11:55:00 CST" duration-ms="33" status="PASS">
          <params>
            <param index="0">
              <value>
                <![CDATA["User able to delete a Program by ID1 with valid request."]]>
              </value>
            </param>
            <param index="1">
              <value>
                <![CDATA["To test the program using DELETE"]]>
              </value>
            </param>
          </params>
          <reporter-output>
          </reporter-output>
        </test-method> <!-- runScenario -->
        <test-method signature="runScenario(io.cucumber.testng.PickleWrapper,io.cucumber.testng.FeatureWrapper)[pri:0, instance:testrunner.Testrunhtml@5b247367]" started-at="2023-01-23T11:55:00 CST" name="runScenario" description="Runs Cucumber Scenarios" data-provider="scenarios" finished-at="2023-01-23T11:55:00 CST" duration-ms="25" status="PASS">
          <params>
            <param index="0">
              <value>
                <![CDATA["User able to delete a Program by ID with invalid request."]]>
              </value>
            </param>
            <param index="1">
              <value>
                <![CDATA["To test the program using DELETE"]]>
              </value>
            </param>
          </params>
          <reporter-output>
          </reporter-output>
        </test-method> <!-- runScenario -->
        <test-method signature="runScenario(io.cucumber.testng.PickleWrapper,io.cucumber.testng.FeatureWrapper)[pri:0, instance:testrunner.Testrunhtml@5b247367]" started-at="2023-01-23T11:55:00 CST" name="runScenario" description="Runs Cucumber Scenarios" data-provider="scenarios" finished-at="2023-01-23T11:55:00 CST" duration-ms="48" status="PASS">
          <params>
            <param index="0">
              <value>
                <![CDATA["User ableto delete a Program by ID with invalid endpoint."]]>
              </value>
            </param>
            <param index="1">
              <value>
                <![CDATA["To test the program using DELETE"]]>
              </value>
            </param>
          </params>
          <reporter-output>
          </reporter-output>
        </test-method> <!-- runScenario -->
        <test-method signature="runScenario(io.cucumber.testng.PickleWrapper,io.cucumber.testng.FeatureWrapper)[pri:0, instance:testrunner.Testrunhtml@5b247367]" started-at="2023-01-23T11:55:00 CST" name="runScenario" description="Runs Cucumber Scenarios" data-provider="scenarios" finished-at="2023-01-23T11:55:00 CST" duration-ms="26" status="PASS">
          <params>
            <param index="0">
              <value>
                <![CDATA["User able to delete a Program by ID with invalid base URL."]]>
              </value>
            </param>
            <param index="1">
              <value>
                <![CDATA["To test the program using DELETE"]]>
              </value>
            </param>
          </params>
          <reporter-output>
          </reporter-output>
        </test-method> <!-- runScenario -->
        <test-method signature="runScenario(io.cucumber.testng.PickleWrapper,io.cucumber.testng.FeatureWrapper)[pri:0, instance:testrunner.Testrunhtml@5b247367]" started-at="2023-01-23T11:55:00 CST" name="runScenario" description="Runs Cucumber Scenarios" data-provider="scenarios" finished-at="2023-01-23T11:55:00 CST" duration-ms="74" status="PASS">
          <params>
            <param index="0">
              <value>
                <![CDATA["Validate if user is able to delete with invalid Program ID"]]>
              </value>
            </param>
            <param index="1">
              <value>
                <![CDATA["To test the program using DELETE"]]>
              </value>
            </param>
          </params>
          <reporter-output>
          </reporter-output>
        </test-method> <!-- runScenario -->
        <test-method signature="runScenario(io.cucumber.testng.PickleWrapper,io.cucumber.testng.FeatureWrapper)[pri:0, instance:testrunner.Testrunhtml@5b247367]" started-at="2023-01-23T11:55:00 CST" name="runScenario" description="Runs Cucumber Scenarios" data-provider="scenarios" finished-at="2023-01-23T11:55:00 CST" duration-ms="143" status="PASS">
          <params>
            <param index="0">
              <value>
                <![CDATA["Test if user is able to get all batches when sending valid request"]]>
              </value>
            </param>
            <param index="1">
              <value>
                <![CDATA["Test the Batch using GET"]]>
              </value>
            </param>
          </params>
          <reporter-output>
          </reporter-output>
        </test-method> <!-- runScenario -->
        <test-method signature="runScenario(io.cucumber.testng.PickleWrapper,io.cucumber.testng.FeatureWrapper)[pri:0, instance:testrunner.Testrunhtml@5b247367]" started-at="2023-01-23T11:55:00 CST" name="runScenario" description="Runs Cucumber Scenarios" data-provider="scenarios" finished-at="2023-01-23T11:55:00 CST" duration-ms="66" status="PASS">
          <params>
            <param index="0">
              <value>
                <![CDATA["Test if user is able to get all batches when sending invalid request"]]>
              </value>
            </param>
            <param index="1">
              <value>
                <![CDATA["Test the Batch using GET"]]>
              </value>
            </param>
          </params>
          <reporter-output>
          </reporter-output>
        </test-method> <!-- runScenario -->
        <test-method signature="runScenario(io.cucumber.testng.PickleWrapper,io.cucumber.testng.FeatureWrapper)[pri:0, instance:testrunner.Testrunhtml@5b247367]" started-at="2023-01-23T11:55:00 CST" name="runScenario" description="Runs Cucumber Scenarios" data-provider="scenarios" finished-at="2023-01-23T11:55:00 CST" duration-ms="48" status="PASS">
          <params>
            <param index="0">
              <value>
                <![CDATA["Test if user is able to get all batches when sending invalid request"]]>
              </value>
            </param>
            <param index="1">
              <value>
                <![CDATA["Test the Batch using GET"]]>
              </value>
            </param>
          </params>
          <reporter-output>
          </reporter-output>
        </test-method> <!-- runScenario -->
        <test-method signature="runScenario(io.cucumber.testng.PickleWrapper,io.cucumber.testng.FeatureWrapper)[pri:0, instance:testrunner.Testrunhtml@5b247367]" started-at="2023-01-23T11:55:00 CST" name="runScenario" description="Runs Cucumber Scenarios" data-provider="scenarios" finished-at="2023-01-23T11:55:00 CST" duration-ms="50" status="PASS">
          <params>
            <param index="0">
              <value>
                <![CDATA["Test if user is able to get all batches when sending invalid endpoint"]]>
              </value>
            </param>
            <param index="1">
              <value>
                <![CDATA["Test the Batch using GET"]]>
              </value>
            </param>
          </params>
          <reporter-output>
          </reporter-output>
        </test-method> <!-- runScenario -->
        <test-method signature="runScenario(io.cucumber.testng.PickleWrapper,io.cucumber.testng.FeatureWrapper)[pri:0, instance:testrunner.Testrunhtml@5b247367]" started-at="2023-01-23T11:55:00 CST" name="runScenario" description="Runs Cucumber Scenarios" data-provider="scenarios" finished-at="2023-01-23T11:55:00 CST" duration-ms="46" status="PASS">
          <params>
            <param index="0">
              <value>
                <![CDATA["Test if user is able to get all Programs when sending valid request"]]>
              </value>
            </param>
            <param index="1">
              <value>
                <![CDATA["Test the Program using GET"]]>
              </value>
            </param>
          </params>
          <reporter-output>
          </reporter-output>
        </test-method> <!-- runScenario -->
        <test-method signature="runScenario(io.cucumber.testng.PickleWrapper,io.cucumber.testng.FeatureWrapper)[pri:0, instance:testrunner.Testrunhtml@5b247367]" started-at="2023-01-23T11:55:00 CST" name="runScenario" description="Runs Cucumber Scenarios" data-provider="scenarios" finished-at="2023-01-23T11:55:00 CST" duration-ms="42" status="PASS">
          <params>
            <param index="0">
              <value>
                <![CDATA["Test if user is able to get all Programs when sending invalid request"]]>
              </value>
            </param>
            <param index="1">
              <value>
                <![CDATA["Test the Program using GET"]]>
              </value>
            </param>
          </params>
          <reporter-output>
          </reporter-output>
        </test-method> <!-- runScenario -->
        <test-method signature="runScenario(io.cucumber.testng.PickleWrapper,io.cucumber.testng.FeatureWrapper)[pri:0, instance:testrunner.Testrunhtml@5b247367]" started-at="2023-01-23T11:55:00 CST" name="runScenario" description="Runs Cucumber Scenarios" data-provider="scenarios" finished-at="2023-01-23T11:55:01 CST" duration-ms="39" status="PASS">
          <params>
            <param index="0">
              <value>
                <![CDATA["Test if user is able to get all Programs when sending invalid endpoint"]]>
              </value>
            </param>
            <param index="1">
              <value>
                <![CDATA["Test the Program using GET"]]>
              </value>
            </param>
          </params>
          <reporter-output>
          </reporter-output>
        </test-method> <!-- runScenario -->
        <test-method signature="runScenario(io.cucumber.testng.PickleWrapper,io.cucumber.testng.FeatureWrapper)[pri:0, instance:testrunner.Testrunhtml@5b247367]" started-at="2023-01-23T11:55:01 CST" name="runScenario" description="Runs Cucumber Scenarios" data-provider="scenarios" finished-at="2023-01-23T11:55:01 CST" duration-ms="48" status="PASS">
          <params>
            <param index="0">
              <value>
                <![CDATA["Test if user able to get a Batch by progID when sending valid request"]]>
              </value>
            </param>
            <param index="1">
              <value>
                <![CDATA["To test the Batch  by program  ID using Get Method."]]>
              </value>
            </param>
          </params>
          <reporter-output>
          </reporter-output>
        </test-method> <!-- runScenario -->
        <test-method signature="runScenario(io.cucumber.testng.PickleWrapper,io.cucumber.testng.FeatureWrapper)[pri:0, instance:testrunner.Testrunhtml@5b247367]" started-at="2023-01-23T11:55:01 CST" name="runScenario" description="Runs Cucumber Scenarios" data-provider="scenarios" finished-at="2023-01-23T11:55:01 CST" duration-ms="36" status="PASS">
          <params>
            <param index="0">
              <value>
                <![CDATA["Test if user is able to get batch Id when sending invalid request"]]>
              </value>
            </param>
            <param index="1">
              <value>
                <![CDATA["To test the Batch  by program  ID using Get Method."]]>
              </value>
            </param>
          </params>
          <reporter-output>
          </reporter-output>
        </test-method> <!-- runScenario -->
        <test-method signature="runScenario(io.cucumber.testng.PickleWrapper,io.cucumber.testng.FeatureWrapper)[pri:0, instance:testrunner.Testrunhtml@5b247367]" started-at="2023-01-23T11:55:01 CST" name="runScenario" description="Runs Cucumber Scenarios" data-provider="scenarios" finished-at="2023-01-23T11:55:01 CST" duration-ms="69" status="PASS">
          <params>
            <param index="0">
              <value>
                <![CDATA["Test if user is able to getbatchbyprogID when sending invalid endpoint"]]>
              </value>
            </param>
            <param index="1">
              <value>
                <![CDATA["To test the Batch  by program  ID using Get Method."]]>
              </value>
            </param>
          </params>
          <reporter-output>
          </reporter-output>
        </test-method> <!-- runScenario -->
        <test-method signature="runScenario(io.cucumber.testng.PickleWrapper,io.cucumber.testng.FeatureWrapper)[pri:0, instance:testrunner.Testrunhtml@5b247367]" started-at="2023-01-23T11:55:01 CST" name="runScenario" description="Runs Cucumber Scenarios" data-provider="scenarios" finished-at="2023-01-23T11:55:01 CST" duration-ms="87" status="PASS">
          <params>
            <param index="0">
              <value>
                <![CDATA["Test if user is able to get batch by name when sending valid request"]]>
              </value>
            </param>
            <param index="1">
              <value>
                <![CDATA["Test the Batch by name using GET"]]>
              </value>
            </param>
          </params>
          <reporter-output>
          </reporter-output>
        </test-method> <!-- runScenario -->
        <test-method signature="runScenario(io.cucumber.testng.PickleWrapper,io.cucumber.testng.FeatureWrapper)[pri:0, instance:testrunner.Testrunhtml@5b247367]" started-at="2023-01-23T11:55:01 CST" name="runScenario" description="Runs Cucumber Scenarios" data-provider="scenarios" finished-at="2023-01-23T11:55:01 CST" duration-ms="36" status="PASS">
          <params>
            <param index="0">
              <value>
                <![CDATA["Test if user is able to get batch by name when sending invalid request"]]>
              </value>
            </param>
            <param index="1">
              <value>
                <![CDATA["Test the Batch by name using GET"]]>
              </value>
            </param>
          </params>
          <reporter-output>
          </reporter-output>
        </test-method> <!-- runScenario -->
        <test-method signature="runScenario(io.cucumber.testng.PickleWrapper,io.cucumber.testng.FeatureWrapper)[pri:0, instance:testrunner.Testrunhtml@5b247367]" started-at="2023-01-23T11:55:01 CST" name="runScenario" description="Runs Cucumber Scenarios" data-provider="scenarios" finished-at="2023-01-23T11:55:01 CST" duration-ms="32" status="PASS">
          <params>
            <param index="0">
              <value>
                <![CDATA["Test if user is able to get batch by name when sending invalid endpoint"]]>
              </value>
            </param>
            <param index="1">
              <value>
                <![CDATA["Test the Batch by name using GET"]]>
              </value>
            </param>
          </params>
          <reporter-output>
          </reporter-output>
        </test-method> <!-- runScenario -->
        <test-method signature="runScenario(io.cucumber.testng.PickleWrapper,io.cucumber.testng.FeatureWrapper)[pri:0, instance:testrunner.Testrunhtml@5b247367]" started-at="2023-01-23T11:55:01 CST" name="runScenario" description="Runs Cucumber Scenarios" data-provider="scenarios" finished-at="2023-01-23T11:55:01 CST" duration-ms="27" status="PASS">
          <params>
            <param index="0">
              <value>
                <![CDATA["Test if JSON schema matches the response while sending valid request"]]>
              </value>
            </param>
            <param index="1">
              <value>
                <![CDATA["Test the Batch by name using GET"]]>
              </value>
            </param>
          </params>
          <reporter-output>
          </reporter-output>
        </test-method> <!-- runScenario -->
        <test-method signature="runScenario(io.cucumber.testng.PickleWrapper,io.cucumber.testng.FeatureWrapper)[pri:0, instance:testrunner.Testrunhtml@5b247367]" started-at="2023-01-23T11:55:01 CST" name="runScenario" description="Runs Cucumber Scenarios" data-provider="scenarios" finished-at="2023-01-23T11:55:01 CST" duration-ms="36" status="PASS">
          <params>
            <param index="0">
              <value>
                <![CDATA["User able to Get a Program by ID with valid request"]]>
              </value>
            </param>
            <param index="1">
              <value>
                <![CDATA["To test the program by ID using Get Method"]]>
              </value>
            </param>
          </params>
          <reporter-output>
          </reporter-output>
        </test-method> <!-- runScenario -->
        <test-method signature="runScenario(io.cucumber.testng.PickleWrapper,io.cucumber.testng.FeatureWrapper)[pri:0, instance:testrunner.Testrunhtml@5b247367]" started-at="2023-01-23T11:55:01 CST" name="runScenario" description="Runs Cucumber Scenarios" data-provider="scenarios" finished-at="2023-01-23T11:55:01 CST" duration-ms="29" status="PASS">
          <params>
            <param index="0">
              <value>
                <![CDATA["User able to Get a Program by ID with invalid request"]]>
              </value>
            </param>
            <param index="1">
              <value>
                <![CDATA["To test the program by ID using Get Method"]]>
              </value>
            </param>
          </params>
          <reporter-output>
          </reporter-output>
        </test-method> <!-- runScenario -->
        <test-method signature="runScenario(io.cucumber.testng.PickleWrapper,io.cucumber.testng.FeatureWrapper)[pri:0, instance:testrunner.Testrunhtml@5b247367]" started-at="2023-01-23T11:55:01 CST" name="runScenario" description="Runs Cucumber Scenarios" data-provider="scenarios" finished-at="2023-01-23T11:55:01 CST" duration-ms="19" status="PASS">
          <params>
            <param index="0">
              <value>
                <![CDATA["User able to Get a Program by ID with invalid endpoint"]]>
              </value>
            </param>
            <param index="1">
              <value>
                <![CDATA["To test the program by ID using Get Method"]]>
              </value>
            </param>
          </params>
          <reporter-output>
          </reporter-output>
        </test-method> <!-- runScenario -->
        <test-method signature="runScenario(io.cucumber.testng.PickleWrapper,io.cucumber.testng.FeatureWrapper)[pri:0, instance:testrunner.Testrunhtml@5b247367]" started-at="2023-01-23T11:55:01 CST" name="runScenario" description="Runs Cucumber Scenarios" data-provider="scenarios" finished-at="2023-01-23T11:55:01 CST" duration-ms="29" status="PASS">
          <params>
            <param index="0">
              <value>
                <![CDATA["Test if user is able to get all programs when sending invalid base url"]]>
              </value>
            </param>
            <param index="1">
              <value>
                <![CDATA["Test Batch and Program with invalid uri"]]>
              </value>
            </param>
          </params>
          <reporter-output>
          </reporter-output>
        </test-method> <!-- runScenario -->
        <test-method signature="runScenario(io.cucumber.testng.PickleWrapper,io.cucumber.testng.FeatureWrapper)[pri:0, instance:testrunner.Testrunhtml@5b247367]" started-at="2023-01-23T11:55:01 CST" name="runScenario" description="Runs Cucumber Scenarios" data-provider="scenarios" finished-at="2023-01-23T11:55:01 CST" duration-ms="20" status="PASS">
          <params>
            <param index="0">
              <value>
                <![CDATA["Test if user is able to get all batches when sending invalid base url"]]>
              </value>
            </param>
            <param index="1">
              <value>
                <![CDATA["Test Batch and Program with invalid uri"]]>
              </value>
            </param>
          </params>
          <reporter-output>
          </reporter-output>
        </test-method> <!-- runScenario -->
        <test-method signature="runScenario(io.cucumber.testng.PickleWrapper,io.cucumber.testng.FeatureWrapper)[pri:0, instance:testrunner.Testrunhtml@5b247367]" started-at="2023-01-23T11:55:01 CST" name="runScenario" description="Runs Cucumber Scenarios" data-provider="scenarios" finished-at="2023-01-23T11:55:01 CST" duration-ms="27" status="PASS">
          <params>
            <param index="0">
              <value>
                <![CDATA["Test if user is able to get the batch by batch name when sending invalid base url"]]>
              </value>
            </param>
            <param index="1">
              <value>
                <![CDATA["Test Batch and Program with invalid uri"]]>
              </value>
            </param>
          </params>
          <reporter-output>
          </reporter-output>
        </test-method> <!-- runScenario -->
        <test-method is-config="true" signature="tearDownClass()[pri:0, instance:testrunner.Testrunhtml@5b247367]" started-at="2023-01-23T11:55:01 CST" name="tearDownClass" finished-at="2023-01-23T11:55:09 CST" duration-ms="7945" status="PASS">
          <reporter-output>
          </reporter-output>
        </test-method> <!-- tearDownClass -->
      </class> <!-- testrunner.Testrunhtml -->
    </test> <!-- Test -->
  </suite> <!-- Suite -->
</testng-results>
