<?xml version="1.0" encoding="UTF-8"?>
<testng-results ignored="0" total="36" passed="36" failed="0" skipped="0">
  <reporter-output>
  </reporter-output>
  <suite started-at="2023-01-20T10:52:28 CST" name="Default suite" finished-at="2023-01-20T10:52:39 CST" duration-ms="11157">
    <groups>
      <group name="cucumber">
        <method signature="AbstractTestNGCucumberTests.runScenario(io.cucumber.testng.PickleWrapper,io.cucumber.testng.FeatureWrapper)[pri:0, instance:testrunner.Testrunhtml@6ccdb29f]" name="runScenario" class="io.cucumber.testng.AbstractTestNGCucumberTests"/>
      </group> <!-- cucumber -->
    </groups>
    <test started-at="2023-01-20T10:52:28 CST" name="Default test" finished-at="2023-01-20T10:52:39 CST" duration-ms="11157">
      <class name="testrunner.Testrunhtml">
        <test-method is-config="true" signature="setUpClass(org.testng.ITestContext)[pri:0, instance:testrunner.Testrunhtml@6ccdb29f]" started-at="2023-01-20T10:52:28 CST" name="setUpClass" finished-at="2023-01-20T10:52:30 CST" duration-ms="1815" status="PASS">
          <params>
            <param index="0">
              <value>
                <![CDATA[org.testng.TestRunner@1e477944]]>
              </value>
            </param>
          </params>
          <reporter-output>
          </reporter-output>
        </test-method> <!-- setUpClass -->
        <test-method signature="runScenario(io.cucumber.testng.PickleWrapper,io.cucumber.testng.FeatureWrapper)[pri:0, instance:testrunner.Testrunhtml@6ccdb29f]" started-at="2023-01-20T10:52:30 CST" name="runScenario" description="Runs Cucumber Scenarios" data-provider="scenarios" finished-at="2023-01-20T10:52:31 CST" duration-ms="755" status="PASS">
          <params>
            <param index="0">
              <value>
                <![CDATA["User able to create Program"]]>
              </value>
            </param>
            <param index="1">
              <value>
                <![CDATA["Validate Post Request to Create Program"]]>
              </value>
            </param>
          </params>
          <reporter-output>
          </reporter-output>
        </test-method> <!-- runScenario -->
        <test-method signature="runScenario(io.cucumber.testng.PickleWrapper,io.cucumber.testng.FeatureWrapper)[pri:0, instance:testrunner.Testrunhtml@6ccdb29f]" started-at="2023-01-20T10:52:31 CST" name="runScenario" description="Runs Cucumber Scenarios" data-provider="scenarios" finished-at="2023-01-20T10:52:31 CST" duration-ms="113" status="PASS">
          <params>
            <param index="0">
              <value>
                <![CDATA["User able to delete the Batch by ID with valid request."]]>
              </value>
            </param>
            <param index="1">
              <value>
                <![CDATA["To test the batch using DELETE"]]>
              </value>
            </param>
          </params>
          <reporter-output>
          </reporter-output>
        </test-method> <!-- runScenario -->
        <test-method signature="runScenario(io.cucumber.testng.PickleWrapper,io.cucumber.testng.FeatureWrapper)[pri:0, instance:testrunner.Testrunhtml@6ccdb29f]" started-at="2023-01-20T10:52:31 CST" name="runScenario" description="Runs Cucumber Scenarios" data-provider="scenarios" finished-at="2023-01-20T10:52:31 CST" duration-ms="103" status="PASS">
          <params>
            <param index="0">
              <value>
                <![CDATA["User able to delete a Batch by ID with invalid endpoint."]]>
              </value>
            </param>
            <param index="1">
              <value>
                <![CDATA["To test the batch using DELETE"]]>
              </value>
            </param>
          </params>
          <reporter-output>
          </reporter-output>
        </test-method> <!-- runScenario -->
        <test-method signature="runScenario(io.cucumber.testng.PickleWrapper,io.cucumber.testng.FeatureWrapper)[pri:0, instance:testrunner.Testrunhtml@6ccdb29f]" started-at="2023-01-20T10:52:31 CST" name="runScenario" description="Runs Cucumber Scenarios" data-provider="scenarios" finished-at="2023-01-20T10:52:31 CST" duration-ms="97" status="PASS">
          <params>
            <param index="0">
              <value>
                <![CDATA["User ableto delete a Batch by ID with invalid batchID."]]>
              </value>
            </param>
            <param index="1">
              <value>
                <![CDATA["To test the batch using DELETE"]]>
              </value>
            </param>
          </params>
          <reporter-output>
          </reporter-output>
        </test-method> <!-- runScenario -->
        <test-method signature="runScenario(io.cucumber.testng.PickleWrapper,io.cucumber.testng.FeatureWrapper)[pri:0, instance:testrunner.Testrunhtml@6ccdb29f]" started-at="2023-01-20T10:52:31 CST" name="runScenario" description="Runs Cucumber Scenarios" data-provider="scenarios" finished-at="2023-01-20T10:52:31 CST" duration-ms="75" status="PASS">
          <params>
            <param index="0">
              <value>
                <![CDATA["User able to delete a Batch by ID with invalid base URL."]]>
              </value>
            </param>
            <param index="1">
              <value>
                <![CDATA["To test the batch using DELETE"]]>
              </value>
            </param>
          </params>
          <reporter-output>
          </reporter-output>
        </test-method> <!-- runScenario -->
        <test-method signature="runScenario(io.cucumber.testng.PickleWrapper,io.cucumber.testng.FeatureWrapper)[pri:0, instance:testrunner.Testrunhtml@6ccdb29f]" started-at="2023-01-20T10:52:31 CST" name="runScenario" description="Runs Cucumber Scenarios" data-provider="scenarios" finished-at="2023-01-20T10:52:31 CST" duration-ms="68" status="PASS">
          <params>
            <param index="0">
              <value>
                <![CDATA["User able to delete a Batch by ID with invalid request."]]>
              </value>
            </param>
            <param index="1">
              <value>
                <![CDATA["To test the batch using DELETE"]]>
              </value>
            </param>
          </params>
          <reporter-output>
          </reporter-output>
        </test-method> <!-- runScenario -->
        <test-method signature="runScenario(io.cucumber.testng.PickleWrapper,io.cucumber.testng.FeatureWrapper)[pri:0, instance:testrunner.Testrunhtml@6ccdb29f]" started-at="2023-01-20T10:52:31 CST" name="runScenario" description="Runs Cucumber Scenarios" data-provider="scenarios" finished-at="2023-01-20T10:52:31 CST" duration-ms="94" status="PASS">
          <params>
            <param index="0">
              <value>
                <![CDATA["To test the program using DELETE"]]>
              </value>
            </param>
            <param index="1">
              <value>
                <![CDATA["To test the program using DELETE"]]>
              </value>
            </param>
          </params>
          <reporter-output>
          </reporter-output>
        </test-method> <!-- runScenario -->
        <test-method signature="runScenario(io.cucumber.testng.PickleWrapper,io.cucumber.testng.FeatureWrapper)[pri:0, instance:testrunner.Testrunhtml@6ccdb29f]" started-at="2023-01-20T10:52:31 CST" name="runScenario" description="Runs Cucumber Scenarios" data-provider="scenarios" finished-at="2023-01-20T10:52:32 CST" duration-ms="71" status="PASS">
          <params>
            <param index="0">
              <value>
                <![CDATA["User able to delete a Program by name with invalid Method."]]>
              </value>
            </param>
            <param index="1">
              <value>
                <![CDATA["To test the program using DELETE"]]>
              </value>
            </param>
          </params>
          <reporter-output>
          </reporter-output>
        </test-method> <!-- runScenario -->
        <test-method signature="runScenario(io.cucumber.testng.PickleWrapper,io.cucumber.testng.FeatureWrapper)[pri:0, instance:testrunner.Testrunhtml@6ccdb29f]" started-at="2023-01-20T10:52:32 CST" name="runScenario" description="Runs Cucumber Scenarios" data-provider="scenarios" finished-at="2023-01-20T10:52:32 CST" duration-ms="72" status="PASS">
          <params>
            <param index="0">
              <value>
                <![CDATA["User ableto delete a Program Name with invalid endpoint."]]>
              </value>
            </param>
            <param index="1">
              <value>
                <![CDATA["To test the program using DELETE"]]>
              </value>
            </param>
          </params>
          <reporter-output>
          </reporter-output>
        </test-method> <!-- runScenario -->
        <test-method signature="runScenario(io.cucumber.testng.PickleWrapper,io.cucumber.testng.FeatureWrapper)[pri:0, instance:testrunner.Testrunhtml@6ccdb29f]" started-at="2023-01-20T10:52:32 CST" name="runScenario" description="Runs Cucumber Scenarios" data-provider="scenarios" finished-at="2023-01-20T10:52:32 CST" duration-ms="103" status="PASS">
          <params>
            <param index="0">
              <value>
                <![CDATA["User able to delete a Program Namewith invalid base URL."]]>
              </value>
            </param>
            <param index="1">
              <value>
                <![CDATA["To test the program using DELETE"]]>
              </value>
            </param>
          </params>
          <reporter-output>
          </reporter-output>
        </test-method> <!-- runScenario -->
        <test-method signature="runScenario(io.cucumber.testng.PickleWrapper,io.cucumber.testng.FeatureWrapper)[pri:0, instance:testrunner.Testrunhtml@6ccdb29f]" started-at="2023-01-20T10:52:32 CST" name="runScenario" description="Runs Cucumber Scenarios" data-provider="scenarios" finished-at="2023-01-20T10:52:32 CST" duration-ms="80" status="PASS">
          <params>
            <param index="0">
              <value>
                <![CDATA["Validate if user is able to delete with invalid Program Name"]]>
              </value>
            </param>
            <param index="1">
              <value>
                <![CDATA["To test the program using DELETE"]]>
              </value>
            </param>
          </params>
          <reporter-output>
          </reporter-output>
        </test-method> <!-- runScenario -->
        <test-method signature="runScenario(io.cucumber.testng.PickleWrapper,io.cucumber.testng.FeatureWrapper)[pri:0, instance:testrunner.Testrunhtml@6ccdb29f]" started-at="2023-01-20T10:52:32 CST" name="runScenario" description="Runs Cucumber Scenarios" data-provider="scenarios" finished-at="2023-01-20T10:52:32 CST" duration-ms="67" status="PASS">
          <params>
            <param index="0">
              <value>
                <![CDATA["User able to delete a Program by ID1 with valid request."]]>
              </value>
            </param>
            <param index="1">
              <value>
                <![CDATA["To test the program using DELETE"]]>
              </value>
            </param>
          </params>
          <reporter-output>
          </reporter-output>
        </test-method> <!-- runScenario -->
        <test-method signature="runScenario(io.cucumber.testng.PickleWrapper,io.cucumber.testng.FeatureWrapper)[pri:0, instance:testrunner.Testrunhtml@6ccdb29f]" started-at="2023-01-20T10:52:32 CST" name="runScenario" description="Runs Cucumber Scenarios" data-provider="scenarios" finished-at="2023-01-20T10:52:32 CST" duration-ms="80" status="PASS">
          <params>
            <param index="0">
              <value>
                <![CDATA["User able to delete a Program by ID with invalid request."]]>
              </value>
            </param>
            <param index="1">
              <value>
                <![CDATA["To test the program using DELETE"]]>
              </value>
            </param>
          </params>
          <reporter-output>
          </reporter-output>
        </test-method> <!-- runScenario -->
        <test-method signature="runScenario(io.cucumber.testng.PickleWrapper,io.cucumber.testng.FeatureWrapper)[pri:0, instance:testrunner.Testrunhtml@6ccdb29f]" started-at="2023-01-20T10:52:32 CST" name="runScenario" description="Runs Cucumber Scenarios" data-provider="scenarios" finished-at="2023-01-20T10:52:32 CST" duration-ms="46" status="PASS">
          <params>
            <param index="0">
              <value>
                <![CDATA["User ableto delete a Program by ID with invalid endpoint."]]>
              </value>
            </param>
            <param index="1">
              <value>
                <![CDATA["To test the program using DELETE"]]>
              </value>
            </param>
          </params>
          <reporter-output>
          </reporter-output>
        </test-method> <!-- runScenario -->
        <test-method signature="runScenario(io.cucumber.testng.PickleWrapper,io.cucumber.testng.FeatureWrapper)[pri:0, instance:testrunner.Testrunhtml@6ccdb29f]" started-at="2023-01-20T10:52:32 CST" name="runScenario" description="Runs Cucumber Scenarios" data-provider="scenarios" finished-at="2023-01-20T10:52:32 CST" duration-ms="82" status="PASS">
          <params>
            <param index="0">
              <value>
                <![CDATA["User able to delete a Program by ID with invalid base URL."]]>
              </value>
            </param>
            <param index="1">
              <value>
                <![CDATA["To test the program using DELETE"]]>
              </value>
            </param>
          </params>
          <reporter-output>
          </reporter-output>
        </test-method> <!-- runScenario -->
        <test-method signature="runScenario(io.cucumber.testng.PickleWrapper,io.cucumber.testng.FeatureWrapper)[pri:0, instance:testrunner.Testrunhtml@6ccdb29f]" started-at="2023-01-20T10:52:32 CST" name="runScenario" description="Runs Cucumber Scenarios" data-provider="scenarios" finished-at="2023-01-20T10:52:32 CST" duration-ms="98" status="PASS">
          <params>
            <param index="0">
              <value>
                <![CDATA["Validate if user is able to delete with invalid Program ID"]]>
              </value>
            </param>
            <param index="1">
              <value>
                <![CDATA["To test the program using DELETE"]]>
              </value>
            </param>
          </params>
          <reporter-output>
          </reporter-output>
        </test-method> <!-- runScenario -->
        <test-method signature="runScenario(io.cucumber.testng.PickleWrapper,io.cucumber.testng.FeatureWrapper)[pri:0, instance:testrunner.Testrunhtml@6ccdb29f]" started-at="2023-01-20T10:52:32 CST" name="runScenario" description="Runs Cucumber Scenarios" data-provider="scenarios" finished-at="2023-01-20T10:52:32 CST" duration-ms="128" status="PASS">
          <params>
            <param index="0">
              <value>
                <![CDATA["Test if user is able to get all batches when sending valid request"]]>
              </value>
            </param>
            <param index="1">
              <value>
                <![CDATA["Test the Batch using GET"]]>
              </value>
            </param>
          </params>
          <reporter-output>
          </reporter-output>
        </test-method> <!-- runScenario -->
        <test-method signature="runScenario(io.cucumber.testng.PickleWrapper,io.cucumber.testng.FeatureWrapper)[pri:0, instance:testrunner.Testrunhtml@6ccdb29f]" started-at="2023-01-20T10:52:32 CST" name="runScenario" description="Runs Cucumber Scenarios" data-provider="scenarios" finished-at="2023-01-20T10:52:33 CST" duration-ms="55" status="PASS">
          <params>
            <param index="0">
              <value>
                <![CDATA["Test if user is able to get all batches when sending invalid request"]]>
              </value>
            </param>
            <param index="1">
              <value>
                <![CDATA["Test the Batch using GET"]]>
              </value>
            </param>
          </params>
          <reporter-output>
          </reporter-output>
        </test-method> <!-- runScenario -->
        <test-method signature="runScenario(io.cucumber.testng.PickleWrapper,io.cucumber.testng.FeatureWrapper)[pri:0, instance:testrunner.Testrunhtml@6ccdb29f]" started-at="2023-01-20T10:52:33 CST" name="runScenario" description="Runs Cucumber Scenarios" data-provider="scenarios" finished-at="2023-01-20T10:52:33 CST" duration-ms="63" status="PASS">
          <params>
            <param index="0">
              <value>
                <![CDATA["Test if user is able to get all batches when sending invalid request"]]>
              </value>
            </param>
            <param index="1">
              <value>
                <![CDATA["Test the Batch using GET"]]>
              </value>
            </param>
          </params>
          <reporter-output>
          </reporter-output>
        </test-method> <!-- runScenario -->
        <test-method signature="runScenario(io.cucumber.testng.PickleWrapper,io.cucumber.testng.FeatureWrapper)[pri:0, instance:testrunner.Testrunhtml@6ccdb29f]" started-at="2023-01-20T10:52:33 CST" name="runScenario" description="Runs Cucumber Scenarios" data-provider="scenarios" finished-at="2023-01-20T10:52:33 CST" duration-ms="52" status="PASS">
          <params>
            <param index="0">
              <value>
                <![CDATA["Test if user is able to get all batches when sending invalid endpoint"]]>
              </value>
            </param>
            <param index="1">
              <value>
                <![CDATA["Test the Batch using GET"]]>
              </value>
            </param>
          </params>
          <reporter-output>
          </reporter-output>
        </test-method> <!-- runScenario -->
        <test-method signature="runScenario(io.cucumber.testng.PickleWrapper,io.cucumber.testng.FeatureWrapper)[pri:0, instance:testrunner.Testrunhtml@6ccdb29f]" started-at="2023-01-20T10:52:33 CST" name="runScenario" description="Runs Cucumber Scenarios" data-provider="scenarios" finished-at="2023-01-20T10:52:33 CST" duration-ms="88" status="PASS">
          <params>
            <param index="0">
              <value>
                <![CDATA["Test if user is able to get all Programs when sending valid request"]]>
              </value>
            </param>
            <param index="1">
              <value>
                <![CDATA["Test the Program using GET"]]>
              </value>
            </param>
          </params>
          <reporter-output>
          </reporter-output>
        </test-method> <!-- runScenario -->
        <test-method signature="runScenario(io.cucumber.testng.PickleWrapper,io.cucumber.testng.FeatureWrapper)[pri:0, instance:testrunner.Testrunhtml@6ccdb29f]" started-at="2023-01-20T10:52:33 CST" name="runScenario" description="Runs Cucumber Scenarios" data-provider="scenarios" finished-at="2023-01-20T10:52:33 CST" duration-ms="40" status="PASS">
          <params>
            <param index="0">
              <value>
                <![CDATA["Test if user is able to get all Programs when sending invalid request"]]>
              </value>
            </param>
            <param index="1">
              <value>
                <![CDATA["Test the Program using GET"]]>
              </value>
            </param>
          </params>
          <reporter-output>
          </reporter-output>
        </test-method> <!-- runScenario -->
        <test-method signature="runScenario(io.cucumber.testng.PickleWrapper,io.cucumber.testng.FeatureWrapper)[pri:0, instance:testrunner.Testrunhtml@6ccdb29f]" started-at="2023-01-20T10:52:33 CST" name="runScenario" description="Runs Cucumber Scenarios" data-provider="scenarios" finished-at="2023-01-20T10:52:33 CST" duration-ms="83" status="PASS">
          <params>
            <param index="0">
              <value>
                <![CDATA["Test if user is able to get all Programs when sending invalid endpoint"]]>
              </value>
            </param>
            <param index="1">
              <value>
                <![CDATA["Test the Program using GET"]]>
              </value>
            </param>
          </params>
          <reporter-output>
          </reporter-output>
        </test-method> <!-- runScenario -->
        <test-method signature="runScenario(io.cucumber.testng.PickleWrapper,io.cucumber.testng.FeatureWrapper)[pri:0, instance:testrunner.Testrunhtml@6ccdb29f]" started-at="2023-01-20T10:52:33 CST" name="runScenario" description="Runs Cucumber Scenarios" data-provider="scenarios" finished-at="2023-01-20T10:52:33 CST" duration-ms="70" status="PASS">
          <params>
            <param index="0">
              <value>
                <![CDATA["Test if user able to get a Batch by progID when sending valid request"]]>
              </value>
            </param>
            <param index="1">
              <value>
                <![CDATA["To test the Batch  by program  ID using Get Method."]]>
              </value>
            </param>
          </params>
          <reporter-output>
          </reporter-output>
        </test-method> <!-- runScenario -->
        <test-method signature="runScenario(io.cucumber.testng.PickleWrapper,io.cucumber.testng.FeatureWrapper)[pri:0, instance:testrunner.Testrunhtml@6ccdb29f]" started-at="2023-01-20T10:52:33 CST" name="runScenario" description="Runs Cucumber Scenarios" data-provider="scenarios" finished-at="2023-01-20T10:52:33 CST" duration-ms="74" status="PASS">
          <params>
            <param index="0">
              <value>
                <![CDATA["Test if user is able to get batch Id when sending invalid request"]]>
              </value>
            </param>
            <param index="1">
              <value>
                <![CDATA["To test the Batch  by program  ID using Get Method."]]>
              </value>
            </param>
          </params>
          <reporter-output>
          </reporter-output>
        </test-method> <!-- runScenario -->
        <test-method signature="runScenario(io.cucumber.testng.PickleWrapper,io.cucumber.testng.FeatureWrapper)[pri:0, instance:testrunner.Testrunhtml@6ccdb29f]" started-at="2023-01-20T10:52:33 CST" name="runScenario" description="Runs Cucumber Scenarios" data-provider="scenarios" finished-at="2023-01-20T10:52:33 CST" duration-ms="71" status="PASS">
          <params>
            <param index="0">
              <value>
                <![CDATA["Test if user is able to getbatchbyprogID when sending invalid endpoint"]]>
              </value>
            </param>
            <param index="1">
              <value>
                <![CDATA["To test the Batch  by program  ID using Get Method."]]>
              </value>
            </param>
          </params>
          <reporter-output>
          </reporter-output>
        </test-method> <!-- runScenario -->
        <test-method signature="runScenario(io.cucumber.testng.PickleWrapper,io.cucumber.testng.FeatureWrapper)[pri:0, instance:testrunner.Testrunhtml@6ccdb29f]" started-at="2023-01-20T10:52:33 CST" name="runScenario" description="Runs Cucumber Scenarios" data-provider="scenarios" finished-at="2023-01-20T10:52:33 CST" duration-ms="52" status="PASS">
          <params>
            <param index="0">
              <value>
                <![CDATA["Test if user is able to get batch by name when sending valid request"]]>
              </value>
            </param>
            <param index="1">
              <value>
                <![CDATA["Test the Batch by name using GET"]]>
              </value>
            </param>
          </params>
          <reporter-output>
          </reporter-output>
        </test-method> <!-- runScenario -->
        <test-method signature="runScenario(io.cucumber.testng.PickleWrapper,io.cucumber.testng.FeatureWrapper)[pri:0, instance:testrunner.Testrunhtml@6ccdb29f]" started-at="2023-01-20T10:52:33 CST" name="runScenario" description="Runs Cucumber Scenarios" data-provider="scenarios" finished-at="2023-01-20T10:52:33 CST" duration-ms="50" status="PASS">
          <params>
            <param index="0">
              <value>
                <![CDATA["Test if user is able to get batch by name when sending invalid request"]]>
              </value>
            </param>
            <param index="1">
              <value>
                <![CDATA["Test the Batch by name using GET"]]>
              </value>
            </param>
          </params>
          <reporter-output>
          </reporter-output>
        </test-method> <!-- runScenario -->
        <test-method signature="runScenario(io.cucumber.testng.PickleWrapper,io.cucumber.testng.FeatureWrapper)[pri:0, instance:testrunner.Testrunhtml@6ccdb29f]" started-at="2023-01-20T10:52:33 CST" name="runScenario" description="Runs Cucumber Scenarios" data-provider="scenarios" finished-at="2023-01-20T10:52:33 CST" duration-ms="62" status="PASS">
          <params>
            <param index="0">
              <value>
                <![CDATA["Test if user is able to get batch by name when sending invalid endpoint"]]>
              </value>
            </param>
            <param index="1">
              <value>
                <![CDATA["Test the Batch by name using GET"]]>
              </value>
            </param>
          </params>
          <reporter-output>
          </reporter-output>
        </test-method> <!-- runScenario -->
        <test-method signature="runScenario(io.cucumber.testng.PickleWrapper,io.cucumber.testng.FeatureWrapper)[pri:0, instance:testrunner.Testrunhtml@6ccdb29f]" started-at="2023-01-20T10:52:33 CST" name="runScenario" description="Runs Cucumber Scenarios" data-provider="scenarios" finished-at="2023-01-20T10:52:33 CST" duration-ms="36" status="PASS">
          <params>
            <param index="0">
              <value>
                <![CDATA["Test if JSON schema matches the response while sending valid request"]]>
              </value>
            </param>
            <param index="1">
              <value>
                <![CDATA["Test the Batch by name using GET"]]>
              </value>
            </param>
          </params>
          <reporter-output>
          </reporter-output>
        </test-method> <!-- runScenario -->
        <test-method signature="runScenario(io.cucumber.testng.PickleWrapper,io.cucumber.testng.FeatureWrapper)[pri:0, instance:testrunner.Testrunhtml@6ccdb29f]" started-at="2023-01-20T10:52:33 CST" name="runScenario" description="Runs Cucumber Scenarios" data-provider="scenarios" finished-at="2023-01-20T10:52:33 CST" duration-ms="70" status="PASS">
          <params>
            <param index="0">
              <value>
                <![CDATA["User able to Get a Program by ID with valid request"]]>
              </value>
            </param>
            <param index="1">
              <value>
                <![CDATA["To test the program by ID using Get Method"]]>
              </value>
            </param>
          </params>
          <reporter-output>
          </reporter-output>
        </test-method> <!-- runScenario -->
        <test-method signature="runScenario(io.cucumber.testng.PickleWrapper,io.cucumber.testng.FeatureWrapper)[pri:0, instance:testrunner.Testrunhtml@6ccdb29f]" started-at="2023-01-20T10:52:33 CST" name="runScenario" description="Runs Cucumber Scenarios" data-provider="scenarios" finished-at="2023-01-20T10:52:34 CST" duration-ms="40" status="PASS">
          <params>
            <param index="0">
              <value>
                <![CDATA["User able to Get a Program by ID with invalid request"]]>
              </value>
            </param>
            <param index="1">
              <value>
                <![CDATA["To test the program by ID using Get Method"]]>
              </value>
            </param>
          </params>
          <reporter-output>
          </reporter-output>
        </test-method> <!-- runScenario -->
        <test-method signature="runScenario(io.cucumber.testng.PickleWrapper,io.cucumber.testng.FeatureWrapper)[pri:0, instance:testrunner.Testrunhtml@6ccdb29f]" started-at="2023-01-20T10:52:34 CST" name="runScenario" description="Runs Cucumber Scenarios" data-provider="scenarios" finished-at="2023-01-20T10:52:34 CST" duration-ms="57" status="PASS">
          <params>
            <param index="0">
              <value>
                <![CDATA["User able to Get a Program by ID with invalid endpoint"]]>
              </value>
            </param>
            <param index="1">
              <value>
                <![CDATA["To test the program by ID using Get Method"]]>
              </value>
            </param>
          </params>
          <reporter-output>
          </reporter-output>
        </test-method> <!-- runScenario -->
        <test-method signature="runScenario(io.cucumber.testng.PickleWrapper,io.cucumber.testng.FeatureWrapper)[pri:0, instance:testrunner.Testrunhtml@6ccdb29f]" started-at="2023-01-20T10:52:34 CST" name="runScenario" description="Runs Cucumber Scenarios" data-provider="scenarios" finished-at="2023-01-20T10:52:34 CST" duration-ms="31" status="PASS">
          <params>
            <param index="0">
              <value>
                <![CDATA["Test if user is able to get all programs when sending invalid base url"]]>
              </value>
            </param>
            <param index="1">
              <value>
                <![CDATA["Test Batch and Program with invalid uri"]]>
              </value>
            </param>
          </params>
          <reporter-output>
          </reporter-output>
        </test-method> <!-- runScenario -->
        <test-method signature="runScenario(io.cucumber.testng.PickleWrapper,io.cucumber.testng.FeatureWrapper)[pri:0, instance:testrunner.Testrunhtml@6ccdb29f]" started-at="2023-01-20T10:52:34 CST" name="runScenario" description="Runs Cucumber Scenarios" data-provider="scenarios" finished-at="2023-01-20T10:52:34 CST" duration-ms="39" status="PASS">
          <params>
            <param index="0">
              <value>
                <![CDATA["Test if user is able to get all batches when sending invalid base url"]]>
              </value>
            </param>
            <param index="1">
              <value>
                <![CDATA["Test Batch and Program with invalid uri"]]>
              </value>
            </param>
          </params>
          <reporter-output>
          </reporter-output>
        </test-method> <!-- runScenario -->
        <test-method signature="runScenario(io.cucumber.testng.PickleWrapper,io.cucumber.testng.FeatureWrapper)[pri:0, instance:testrunner.Testrunhtml@6ccdb29f]" started-at="2023-01-20T10:52:34 CST" name="runScenario" description="Runs Cucumber Scenarios" data-provider="scenarios" finished-at="2023-01-20T10:52:34 CST" duration-ms="32" status="PASS">
          <params>
            <param index="0">
              <value>
                <![CDATA["Test if user is able to get the batch by batch name when sending invalid base url"]]>
              </value>
            </param>
            <param index="1">
              <value>
                <![CDATA["Test Batch and Program with invalid uri"]]>
              </value>
            </param>
          </params>
          <reporter-output>
          </reporter-output>
        </test-method> <!-- runScenario -->
        <test-method is-config="true" signature="tearDownClass()[pri:0, instance:testrunner.Testrunhtml@6ccdb29f]" started-at="2023-01-20T10:52:34 CST" name="tearDownClass" finished-at="2023-01-20T10:52:39 CST" duration-ms="5592" status="PASS">
          <reporter-output>
          </reporter-output>
        </test-method> <!-- tearDownClass -->
      </class> <!-- testrunner.Testrunhtml -->
    </test> <!-- Default test -->
  </suite> <!-- Default suite -->
</testng-results>
